<?xml version="1.0" encoding="UTF-8"?>
<!-- Generated by org.testng.reporters.JUnitReportReporter -->
<testsuite name="TestRunner.TestRunner" tests="3" time="7.905" ignored="0" failures="0" timestamp="16 Nov 2020 09:27:52 GMT" skipped="0" hostname="NhsbsaMminsMBP3" errors="0">
  <testcase name="feature" time="4.253" classname="TestRunner.TestRunner"/>
  <testcase name="feature" time="1.834" classname="TestRunner.TestRunner"/>
  <testcase name="feature" time="1.818" classname="TestRunner.TestRunner"/>
</testsuite> <!-- TestRunner.TestRunner -->
